<?xml version="1.0" encoding="UTF-8"?>
<beans xmlns="http://www.springframework.org/schema/beans" xmlns:xsi="http://www.w3.org/2001/XMLSchema-instance" xsi:schemaLocation="http://www.springframework.org/schema/beans 
    http://www.springframework.org/schema/beans/spring-beans.xsd">
    <bean id="myEmf" class="org.springframework.orm.jpa.LocalContainerEntityManagerFactoryBean">
        <property name="dataSource" ref="dataSource" />
        <property name="packagesToScan" value="uk.gov.homeoffice.digital.sas.jparest.entityutils.testentities" />
        <property name="jpaVendorAdapter">
            <bean class="org.springframework.orm.jpa.vendor.HibernateJpaVendorAdapter" />
        </property>
        <property name="jpaProperties">
            <props>
                <prop key="hibernate.hbm2ddl.auto">none</prop>
                <prop key="hibernate.dialect">org.hibernate.dialect.H2Dialect</prop>
                <prop key="hibernate.physical_naming_strategy">org.hibernate.boot.model.naming.CamelCaseToUnderscoresNamingStrategy</prop>
            </props>
        </property>
    </bean>

    <bean id="dataSource" class="org.springframework.jdbc.datasource.DriverManagerDataSource">
        <property name="driverClassName" value="org.h2.Driver" />
        <property name="url" value="jdbc:h2:mem:testdb;INIT=RUNSCRIPT FROM 'classpath:schema-h2.sql'\;RUNSCRIPT FROM 'classpath:data-h2.sql';" />
        <property name="username" value="sa" />
        <property name="password" value="" />
    </bean>

    <bean id="transactionManager" class="org.springframework.orm.jpa.JpaTransactionManager">
        <property name="entityManagerFactory" ref="myEmf" />
    </bean>

    <bean id="persistenceExceptionTranslationPostProcessor" class="org.springframework.dao.annotation.PersistenceExceptionTranslationPostProcessor" />

    <bean class="uk.gov.homeoffice.digital.sas.jparest.config.ObjectMapperConfig"/>
    <bean class="uk.gov.homeoffice.digital.sas.jparest.validation.EntityValidator"/>
</beans>